# JRE version: Java(TM) SE Runtime Environment (8.0_221-b11) (build 1.8.0_221-b11)
# Java VM: Java HotSpot(TM) 64-Bit Server VM (25.221-b11 mixed mode windows-amd64 compressed oops)
Heap:
 garbage-first heap   total 502784K, used 328360K [0x00000000c0000000, 0x00000000c0100f58, 0x0000000100000000)
  region size 1024K, 159 young (162816K), 30 survivors (30720K)
 Metaspace       used 49252K, capacity 52268K, committed 52556K, reserved 1095680K
  class space    used 5180K, capacity 6098K, committed 6220K, reserved 1048576K
GC Heap History (10 events):
Event: 19.045 GC heap before
{Heap before GC invocations=45 (full 0):
 garbage-first heap   total 194560K, used 161472K [0x00000000c0000000, 0x00000000c01005f0, 0x0000000100000000)
  region size 1024K, 33 young (33792K), 4 survivors (4096K)
 Metaspace       used 47361K, capacity 50276K, committed 50508K, reserved 1093632K
  class space    used 5057K, capacity 5931K, committed 5964K, reserved 1048576K
Event: 19.063 GC heap after
Heap after GC invocations=46 (full 0):
 garbage-first heap   total 194560K, used 137408K [0x00000000c0000000, 0x00000000c01005f0, 0x0000000100000000)
  region size 1024K, 5 young (5120K), 5 survivors (5120K)
 Metaspace       used 47361K, capacity 50276K, committed 50508K, reserved 1093632K
  class space    used 5057K, capacity 5931K, committed 5964K, reserved 1048576K
}
Event: 19.173 GC heap before
{Heap before GC invocations=46 (full 0):
 garbage-first heap   total 194560K, used 164032K [0x00000000c0000000, 0x00000000c01005f0, 0x0000000100000000)
  region size 1024K, 31 young (31744K), 5 survivors (5120K)
 Metaspace       used 47361K, capacity 50276K, committed 50508K, reserved 1093632K
  class space    used 5057K, capacity 5931K, committed 5964K, reserved 1048576K
Event: 19.192 GC heap after
Heap after GC invocations=47 (full 0):
 garbage-first heap   total 194560K, used 141504K [0x00000000c0000000, 0x00000000c01005f0, 0x0000000100000000)
  region size 1024K, 4 young (4096K), 4 survivors (4096K)
 Metaspace       used 47361K, capacity 50276K, committed 50508K, reserved 1093632K
  class space    used 5057K, capacity 5931K, committed 5964K, reserved 1048576K
}
Event: 19.426 GC heap before
{Heap before GC invocations=47 (full 0):
 garbage-first heap   total 194560K, used 170560K [0x00000000c0000000, 0x00000000c01005f0, 0x0000000100000000)
  region size 1024K, 29 young (29696K), 4 survivors (4096K)
 Metaspace       used 47361K, capacity 50276K, committed 50508K, reserved 1093632K
  class space    used 5057K, capacity 5931K, committed 5964K, reserved 1048576K
Event: 19.458 GC heap after
Heap after GC invocations=48 (full 0):
 garbage-first heap   total 365568K, used 149568K [0x00000000c0000000, 0x00000000c0100b28, 0x0000000100000000)
  region size 1024K, 4 young (4096K), 4 survivors (4096K)
 Metaspace       used 47361K, capacity 50276K, committed 50508K, reserved 1093632K
  class space    used 5057K, capacity 5931K, committed 5964K, reserved 1048576K
}
Event: 21.853 GC heap before
{Heap before GC invocations=49 (full 0):
 garbage-first heap   total 365568K, used 288864K [0x00000000c0000000, 0x00000000c0100b28, 0x0000000100000000)
  region size 1024K, 135 young (138240K), 4 survivors (4096K)
 Metaspace       used 47378K, capacity 50340K, committed 50508K, reserved 1093632K
  class space    used 5057K, capacity 5931K, committed 5964K, reserved 1048576K
Event: 21.920 GC heap after
Heap after GC invocations=50 (full 0):
 garbage-first heap   total 502784K, used 168482K [0x00000000c0000000, 0x00000000c0100f58, 0x0000000100000000)
  region size 1024K, 17 young (17408K), 17 survivors (17408K)
 Metaspace       used 47378K, capacity 50340K, committed 50508K, reserved 1093632K
  class space    used 5057K, capacity 5931K, committed 5964K, reserved 1048576K
}
Event: 24.129 GC heap before
{Heap before GC invocations=50 (full 0):
 garbage-first heap   total 502784K, used 394626K [0x00000000c0000000, 0x00000000c0100f58, 0x0000000100000000)
  region size 1024K, 237 young (242688K), 17 survivors (17408K)
 Metaspace       used 47384K, capacity 50340K, committed 50508K, reserved 1093632K
  class space    used 5057K, capacity 5931K, committed 5964K, reserved 1048576K
Event: 24.200 GC heap after
Heap after GC invocations=51 (full 0):
 garbage-first heap   total 502784K, used 197288K [0x00000000c0000000, 0x00000000c0100f58, 0x0000000100000000)
  region size 1024K, 30 young (30720K), 30 survivors (30720K)
 Metaspace       used 47384K, capacity 50340K, committed 50508K, reserved 1093632K
  class space    used 5057K, capacity 5931K, committed 5964K, reserved 1048576K
}

